{"level":"error","message":"Mon Aug 28 2023 17:11:41 GMT+0530 (India Standard Time) -{\"name\":\"Data Not found\",\"statusCode\":500,\"issOperational\":true} ","private":true}
{"level":"error","message":"Mon Aug 28 2023 17:11:52 GMT+0530 (India Standard Time) -{\"name\":\"Data Not found\",\"statusCode\":500,\"issOperational\":true} ","private":true}
{"level":"error","message":"Mon Aug 28 2023 17:12:50 GMT+0530 (India Standard Time) -{\"name\":\"Data Not found\",\"statusCode\":500,\"issOperational\":true} ","private":true}
{"level":"error","message":"Mon Aug 28 2023 17:14:28 GMT+0530 (India Standard Time) -{\"name\":\"Data Not found\",\"statusCode\":500,\"issOperational\":true} ","private":true}
{"level":"error","message":"Mon Aug 28 2023 17:20:54 GMT+0530 (India Standard Time) -{\"name\":\"Data Not found\",\"statusCode\":500,\"issOperational\":true} ","private":true}
{"level":"error","message":"Mon Aug 28 2023 17:57:50 GMT+0530 (India Standard Time) -{} ","private":true}
{"level":"error","message":"Mon Aug 28 2023 17:59:32 GMT+0530 (India Standard Time) -{} ","private":true}
{"level":"error","message":"Mon Aug 28 2023 18:00:46 GMT+0530 (India Standard Time) -{} ","private":true}
{"level":"error","message":"Mon Aug 28 2023 18:06:09 GMT+0530 (India Standard Time) -{} ","private":true}
{"level":"error","message":"Mon Aug 28 2023 18:20:48 GMT+0530 (India Standard Time) -{\"name\":\"Data Not found\",\"statusCode\":{\"name\":\"API Error\",\"statusCode\":500,\"issOperational\":true},\"issOperational\":true} ","private":true}
{"level":"error","message":"Mon Aug 28 2023 18:21:58 GMT+0530 (India Standard Time) -{\"name\":\"Data Not found\",\"statusCode\":{\"name\":\"API Error\",\"statusCode\":500,\"issOperational\":true},\"issOperational\":true} ","private":true}
{"level":"error","message":"Mon Aug 28 2023 18:25:36 GMT+0530 (India Standard Time) -{\"name\":\"Data Not found\",\"statusCode\":{\"name\":\"API Error\",\"statusCode\":500,\"issOperational\":true},\"issOperational\":true} ","private":true}
{"level":"error","message":"Mon Aug 28 2023 18:28:46 GMT+0530 (India Standard Time) -{\"name\":\"Data Not found\",\"statusCode\":{\"name\":\"API Error\",\"statusCode\":500,\"issOperational\":true},\"issOperational\":true} ","private":true}
{"level":"error","message":"Mon Aug 28 2023 18:29:58 GMT+0530 (India Standard Time) -{\"name\":\"Data Not found\",\"statusCode\":{\"name\":\"API Error\",\"statusCode\":500,\"issOperational\":true},\"issOperational\":true} ","private":true}
{"level":"error","message":"Mon Aug 28 2023 18:34:32 GMT+0530 (India Standard Time) -{\"name\":\"Data Not found\",\"statusCode\":{\"name\":\"API Error\",\"statusCode\":500,\"issOperational\":true},\"issOperational\":true} ","private":true}
{"level":"error","message":"Mon Aug 28 2023 18:36:55 GMT+0530 (India Standard Time) -{\"name\":\"Data Not found\",\"statusCode\":{\"name\":\"API Error\",\"statusCode\":500,\"issOperational\":true},\"issOperational\":true} ","private":true}
{"level":"error","message":"Mon Aug 28 2023 18:42:10 GMT+0530 (India Standard Time) -{\"name\":\"Data Not found\",\"statusCode\":{\"name\":\"API Error\",\"statusCode\":500,\"issOperational\":true},\"issOperational\":true} ","private":true}
{"level":"error","message":"Fri Sep 29 2023 17:29:50 GMT+0530 (India Standard Time) -{\"name\":\"Data Not found\",\"statusCode\":500,\"issOperational\":true} ","private":true}
{"level":"error","message":"Fri Sep 29 2023 17:33:31 GMT+0530 (India Standard Time) -{\"name\":\"Data Not found\",\"statusCode\":{\"name\":\"API Error\",\"statusCode\":500,\"issOperational\":true},\"issOperational\":true} ","private":true}
{"level":"error","message":"Fri Sep 29 2023 17:39:27 GMT+0530 (India Standard Time) -{\"name\":\"Data Not found\",\"statusCode\":{\"name\":\"API Error\",\"statusCode\":500,\"issOperational\":true},\"issOperational\":true} ","private":true}
{"level":"error","message":"Fri Sep 29 2023 17:48:47 GMT+0530 (India Standard Time) -{\"name\":\"Data Not found\",\"statusCode\":{\"name\":\"API Error\",\"statusCode\":500,\"issOperational\":true},\"issOperational\":true} ","private":true}
{"level":"error","message":"Fri Sep 29 2023 19:02:42 GMT+0530 (India Standard Time) -{} ","private":true}
{"level":"error","message":"Fri Sep 29 2023 19:37:23 GMT+0530 (India Standard Time) -{} ","private":true}
{"level":"error","message":"Fri Sep 29 2023 20:01:26 GMT+0530 (India Standard Time) -{} ","private":true}
{"level":"error","message":"Fri Sep 29 2023 20:11:52 GMT+0530 (India Standard Time) -{} ","private":true}
{"level":"error","message":"Fri Sep 29 2023 20:14:41 GMT+0530 (India Standard Time) -{} ","private":true}
{"level":"error","message":"Fri Sep 29 2023 20:24:26 GMT+0530 (India Standard Time) -{} ","private":true}
{"level":"error","message":"Fri Sep 29 2023 20:28:38 GMT+0530 (India Standard Time) -{} ","private":true}
{"level":"error","message":"Fri Sep 29 2023 20:32:11 GMT+0530 (India Standard Time) -{} ","private":true}
{"level":"error","message":"Fri Sep 29 2023 20:33:20 GMT+0530 (India Standard Time) -{} ","private":true}
{"level":"error","message":"Fri Sep 29 2023 20:34:08 GMT+0530 (India Standard Time) -{} ","private":true}
{"level":"error","message":"Fri Sep 29 2023 20:36:48 GMT+0530 (India Standard Time) -{} ","private":true}
{"level":"error","message":"Fri Sep 29 2023 20:38:03 GMT+0530 (India Standard Time) -{} ","private":true}
{"level":"error","message":"Fri Sep 29 2023 20:39:42 GMT+0530 (India Standard Time) -{} ","private":true}
{"level":"error","message":"Fri Sep 29 2023 20:41:03 GMT+0530 (India Standard Time) -{} ","private":true}
{"level":"error","message":"Fri Sep 29 2023 20:42:11 GMT+0530 (India Standard Time) -{} ","private":true}
{"level":"error","message":"Fri Sep 29 2023 20:44:42 GMT+0530 (India Standard Time) -{} ","private":true}
{"level":"error","message":"Tue Oct 03 2023 11:21:34 GMT+0530 (India Standard Time) -{} ","private":true}
